<?xml version="1.0" encoding="UTF-8"?>
<testsuites>
  <testsuite name="fastlane.lanes">
    
    
    
      
      <testcase classname="fastlane.lanes" name="0: default_platform" time="0.000406">
        
      </testcase>
    
      
      <testcase classname="fastlane.lanes" name="1: rm -rf org.vernality.profitclub.keystore" time="0.004228">
        
      </testcase>
    
      
      <testcase classname="fastlane.lanes" name="2: git clone git@github.com:vernality/org.vernality.profitclub.keystore.git" time="2.034509">
        
      </testcase>
    
      
      <testcase classname="fastlane.lanes" name="3: assembleRelease" time="12.252918">
        
      </testcase>
    
      
      <testcase classname="fastlane.lanes" name="4: firebase_app_distribution" time="11.300706">
        
      </testcase>
    
      
      <testcase classname="fastlane.lanes" name="5: rm -rf org.vernality.profitclub.keystore" time="0.008259">
        
      </testcase>
    
      
      <testcase classname="fastlane.lanes" name="6: rm README.md" time="0.003288">
        
          <failure message="/Users/rinatenikeev/.gem/gems/fastlane-2.171.0/fastlane/lib/fastlane/actions/actions_helper.rb:67:in `execute_action'&#10;/Users/rinatenikeev/.gem/gems/fastlane-2.171.0/fastlane/lib/fastlane/fast_file.rb:218:in `sh'&#10;/Users/rinatenikeev/.gem/gems/fastlane-2.171.0/fastlane/lib/fastlane/fast_file.rb:212:in `sh'&#10;Fastfile:15:in `remove_artifacts'&#10;Fastfile:62:in `block in parsing_binding'&#10;/Users/rinatenikeev/.gem/gems/fastlane-2.171.0/fastlane/lib/fastlane/runner.rb:292:in `execute_flow_block'&#10;/Users/rinatenikeev/.gem/gems/fastlane-2.171.0/fastlane/lib/fastlane/runner.rb:54:in `block in execute'&#10;/Users/rinatenikeev/.gem/gems/fastlane-2.171.0/fastlane/lib/fastlane/runner.rb:45:in `chdir'&#10;/Users/rinatenikeev/.gem/gems/fastlane-2.171.0/fastlane/lib/fastlane/runner.rb:45:in `execute'&#10;/Users/rinatenikeev/.gem/gems/fastlane-2.171.0/fastlane/lib/fastlane/lane_manager.rb:47:in `cruise_lane'&#10;/Users/rinatenikeev/.gem/gems/fastlane-2.171.0/fastlane/lib/fastlane/command_line_handler.rb:36:in `handle'&#10;/Users/rinatenikeev/.gem/gems/fastlane-2.171.0/fastlane/lib/fastlane/commands_generator.rb:108:in `block (2 levels) in run'&#10;/usr/local/lib/ruby/gems/2.7.0/gems/commander-fastlane-4.4.6/lib/commander/command.rb:178:in `call'&#10;/usr/local/lib/ruby/gems/2.7.0/gems/commander-fastlane-4.4.6/lib/commander/command.rb:153:in `run'&#10;/usr/local/lib/ruby/gems/2.7.0/gems/commander-fastlane-4.4.6/lib/commander/runner.rb:476:in `run_active_command'&#10;/Users/rinatenikeev/.gem/gems/fastlane-2.171.0/fastlane_core/lib/fastlane_core/ui/fastlane_runner.rb:76:in `run!'&#10;/usr/local/lib/ruby/gems/2.7.0/gems/commander-fastlane-4.4.6/lib/commander/delegates.rb:15:in `run!'&#10;/Users/rinatenikeev/.gem/gems/fastlane-2.171.0/fastlane/lib/fastlane/commands_generator.rb:352:in `run'&#10;/Users/rinatenikeev/.gem/gems/fastlane-2.171.0/fastlane/lib/fastlane/commands_generator.rb:41:in `start'&#10;/Users/rinatenikeev/.gem/gems/fastlane-2.171.0/fastlane/lib/fastlane/cli_tools_distributor.rb:119:in `take_off'&#10;/Users/rinatenikeev/.gem/gems/fastlane-2.171.0/bin/fastlane:23:in `&lt;top (required)&gt;'&#10;/Users/rinatenikeev/.gem/bin/fastlane:23:in `load'&#10;/Users/rinatenikeev/.gem/bin/fastlane:23:in `&lt;top (required)&gt;'&#10;/Users/rinatenikeev/.gem/gems/bundler-2.2.4/lib/bundler/cli/exec.rb:63:in `load'&#10;/Users/rinatenikeev/.gem/gems/bundler-2.2.4/lib/bundler/cli/exec.rb:63:in `kernel_load'&#10;/Users/rinatenikeev/.gem/gems/bundler-2.2.4/lib/bundler/cli/exec.rb:28:in `run'&#10;/Users/rinatenikeev/.gem/gems/bundler-2.2.4/lib/bundler/cli.rb:494:in `exec'&#10;/Users/rinatenikeev/.gem/gems/bundler-2.2.4/lib/bundler/vendor/thor/lib/thor/command.rb:27:in `run'&#10;/Users/rinatenikeev/.gem/gems/bundler-2.2.4/lib/bundler/vendor/thor/lib/thor/invocation.rb:127:in `invoke_command'&#10;/Users/rinatenikeev/.gem/gems/bundler-2.2.4/lib/bundler/vendor/thor/lib/thor.rb:392:in `dispatch'&#10;/Users/rinatenikeev/.gem/gems/bundler-2.2.4/lib/bundler/cli.rb:30:in `dispatch'&#10;/Users/rinatenikeev/.gem/gems/bundler-2.2.4/lib/bundler/vendor/thor/lib/thor/base.rb:485:in `start'&#10;/Users/rinatenikeev/.gem/gems/bundler-2.2.4/lib/bundler/cli.rb:24:in `start'&#10;/Users/rinatenikeev/.gem/gems/bundler-2.2.4/exe/bundle:49:in `block in &lt;top (required)&gt;'&#10;/Users/rinatenikeev/.gem/gems/bundler-2.2.4/lib/bundler/friendly_errors.rb:130:in `with_friendly_errors'&#10;/Users/rinatenikeev/.gem/gems/bundler-2.2.4/exe/bundle:37:in `&lt;top (required)&gt;'&#10;/usr/local/opt/ruby/bin/bundle:23:in `load'&#10;/usr/local/opt/ruby/bin/bundle:23:in `&lt;main&gt;'&#10;&#10;Exit status of command 'rm README.md' was 1 instead of 0.&#10;rm: README.md: No such file or directory&#10;" />
        
      </testcase>
    
      
      <testcase classname="fastlane.lanes" name="7: rm -rf org.vernality.profitclub.keystore" time="0.003035">
        
      </testcase>
    
      
      <testcase classname="fastlane.lanes" name="8: rm README.md" time="0.003031">
        
          <failure message="/Users/rinatenikeev/.gem/gems/fastlane-2.171.0/fastlane/lib/fastlane/actions/actions_helper.rb:67:in `execute_action'&#10;/Users/rinatenikeev/.gem/gems/fastlane-2.171.0/fastlane/lib/fastlane/fast_file.rb:218:in `sh'&#10;/Users/rinatenikeev/.gem/gems/fastlane-2.171.0/fastlane/lib/fastlane/fast_file.rb:212:in `sh'&#10;Fastfile:15:in `remove_artifacts'&#10;Fastfile:57:in `block (2 levels) in parsing_binding'&#10;/Users/rinatenikeev/.gem/gems/fastlane-2.171.0/fastlane/lib/fastlane/runner.rb:62:in `block in execute'&#10;/Users/rinatenikeev/.gem/gems/fastlane-2.171.0/fastlane/lib/fastlane/runner.rb:59:in `chdir'&#10;/Users/rinatenikeev/.gem/gems/fastlane-2.171.0/fastlane/lib/fastlane/runner.rb:59:in `rescue in execute'&#10;/Users/rinatenikeev/.gem/gems/fastlane-2.171.0/fastlane/lib/fastlane/runner.rb:44:in `execute'&#10;/Users/rinatenikeev/.gem/gems/fastlane-2.171.0/fastlane/lib/fastlane/lane_manager.rb:47:in `cruise_lane'&#10;/Users/rinatenikeev/.gem/gems/fastlane-2.171.0/fastlane/lib/fastlane/command_line_handler.rb:36:in `handle'&#10;/Users/rinatenikeev/.gem/gems/fastlane-2.171.0/fastlane/lib/fastlane/commands_generator.rb:108:in `block (2 levels) in run'&#10;/usr/local/lib/ruby/gems/2.7.0/gems/commander-fastlane-4.4.6/lib/commander/command.rb:178:in `call'&#10;/usr/local/lib/ruby/gems/2.7.0/gems/commander-fastlane-4.4.6/lib/commander/command.rb:153:in `run'&#10;/usr/local/lib/ruby/gems/2.7.0/gems/commander-fastlane-4.4.6/lib/commander/runner.rb:476:in `run_active_command'&#10;/Users/rinatenikeev/.gem/gems/fastlane-2.171.0/fastlane_core/lib/fastlane_core/ui/fastlane_runner.rb:76:in `run!'&#10;/usr/local/lib/ruby/gems/2.7.0/gems/commander-fastlane-4.4.6/lib/commander/delegates.rb:15:in `run!'&#10;/Users/rinatenikeev/.gem/gems/fastlane-2.171.0/fastlane/lib/fastlane/commands_generator.rb:352:in `run'&#10;/Users/rinatenikeev/.gem/gems/fastlane-2.171.0/fastlane/lib/fastlane/commands_generator.rb:41:in `start'&#10;/Users/rinatenikeev/.gem/gems/fastlane-2.171.0/fastlane/lib/fastlane/cli_tools_distributor.rb:119:in `take_off'&#10;/Users/rinatenikeev/.gem/gems/fastlane-2.171.0/bin/fastlane:23:in `&lt;top (required)&gt;'&#10;/Users/rinatenikeev/.gem/bin/fastlane:23:in `load'&#10;/Users/rinatenikeev/.gem/bin/fastlane:23:in `&lt;top (required)&gt;'&#10;/Users/rinatenikeev/.gem/gems/bundler-2.2.4/lib/bundler/cli/exec.rb:63:in `load'&#10;/Users/rinatenikeev/.gem/gems/bundler-2.2.4/lib/bundler/cli/exec.rb:63:in `kernel_load'&#10;/Users/rinatenikeev/.gem/gems/bundler-2.2.4/lib/bundler/cli/exec.rb:28:in `run'&#10;/Users/rinatenikeev/.gem/gems/bundler-2.2.4/lib/bundler/cli.rb:494:in `exec'&#10;/Users/rinatenikeev/.gem/gems/bundler-2.2.4/lib/bundler/vendor/thor/lib/thor/command.rb:27:in `run'&#10;/Users/rinatenikeev/.gem/gems/bundler-2.2.4/lib/bundler/vendor/thor/lib/thor/invocation.rb:127:in `invoke_command'&#10;/Users/rinatenikeev/.gem/gems/bundler-2.2.4/lib/bundler/vendor/thor/lib/thor.rb:392:in `dispatch'&#10;/Users/rinatenikeev/.gem/gems/bundler-2.2.4/lib/bundler/cli.rb:30:in `dispatch'&#10;/Users/rinatenikeev/.gem/gems/bundler-2.2.4/lib/bundler/vendor/thor/lib/thor/base.rb:485:in `start'&#10;/Users/rinatenikeev/.gem/gems/bundler-2.2.4/lib/bundler/cli.rb:24:in `start'&#10;/Users/rinatenikeev/.gem/gems/bundler-2.2.4/exe/bundle:49:in `block in &lt;top (required)&gt;'&#10;/Users/rinatenikeev/.gem/gems/bundler-2.2.4/lib/bundler/friendly_errors.rb:130:in `with_friendly_errors'&#10;/Users/rinatenikeev/.gem/gems/bundler-2.2.4/exe/bundle:37:in `&lt;top (required)&gt;'&#10;/usr/local/opt/ruby/bin/bundle:23:in `load'&#10;/usr/local/opt/ruby/bin/bundle:23:in `&lt;main&gt;'&#10;&#10;Exit status of command 'rm README.md' was 1 instead of 0.&#10;rm: README.md: No such file or directory&#10;" />
        
      </testcase>
    
  </testsuite>
</testsuites>
